0 info it worked if it ends with ok
1 verbose cli [ 'C:\\Program Files (x86)\\nodejs\\node.exe',
1 verbose cli   'C:\\Program Files (x86)\\nodejs\\node_modules\\npm\\bin\\npm-cli.js',
1 verbose cli   'publish' ]
2 info using npm@2.15.9
3 info using node@v4.5.0
4 verbose publish [ '.' ]
5 silly cache add args [ '.', null ]
6 verbose cache add spec .
7 silly cache add parsed spec Result {
7 silly cache add   raw: '.',
7 silly cache add   scope: null,
7 silly cache add   name: null,
7 silly cache add   rawSpec: '.',
7 silly cache add   spec: 'C:\\Users\\matthew\\src\\jquery-fireworks',
7 silly cache add   type: 'directory' }
8 verbose addLocalDirectory C:\Users\matthew\AppData\Roaming\npm-cache\jquery-fireworks\1.0.2\package.tgz not in flight; packing
9 verbose correctMkdir C:\Users\matthew\AppData\Roaming\npm-cache correctMkdir not in flight; initializing
10 verbose tar pack [ 'C:\\Users\\matthew\\AppData\\Roaming\\npm-cache\\jquery-fireworks\\1.0.2\\package.tgz',
10 verbose tar pack   'C:\\Users\\matthew\\src\\jquery-fireworks' ]
11 verbose tarball C:\Users\matthew\AppData\Roaming\npm-cache\jquery-fireworks\1.0.2\package.tgz
12 verbose folder C:\Users\matthew\src\jquery-fireworks
13 info prepublish jquery-fireworks@1.0.2
14 verbose addLocalTarball adding from inside cache C:\Users\matthew\AppData\Roaming\npm-cache\jquery-fireworks\1.0.2\package.tgz
15 verbose correctMkdir C:\Users\matthew\AppData\Roaming\npm-cache correctMkdir not in flight; initializing
16 silly cache afterAdd jquery-fireworks@1.0.2
17 verbose afterAdd C:\Users\matthew\AppData\Roaming\npm-cache\jquery-fireworks\1.0.2\package\package.json not in flight; writing
18 verbose correctMkdir C:\Users\matthew\AppData\Roaming\npm-cache correctMkdir not in flight; initializing
19 verbose afterAdd C:\Users\matthew\AppData\Roaming\npm-cache\jquery-fireworks\1.0.2\package\package.json written
20 silly publish { name: 'jquery-fireworks',
20 silly publish   version: '1.0.2',
20 silly publish   description: 'Creates a field of exploding fireworks on a div.  It does this by overlaying a canvas to the div and launching fireworks and exploding them.',
20 silly publish   main: 'jquery.fireworks.js',
20 silly publish   scripts: { test: 'echo "Error: no test specified" && exit 1' },
20 silly publish   repository:
20 silly publish    { type: 'git',
20 silly publish      url: 'git+https://github.com/mgrigajtis/jquery-fireworks.git' },
20 silly publish   keywords: [ 'ecosystem:jquery', 'jquery-plugin' ],
20 silly publish   author: { name: 'Matthew Grigajtis' },
20 silly publish   license: 'ISC',
20 silly publish   bugs: { url: 'https://github.com/mgrigajtis/jquery-fireworks/issues' },
20 silly publish   homepage: 'https://github.com/mgrigajtis/jquery-fireworks#readme',
20 silly publish   readme: '# jQuery-fireworks\r\nA jQuery plugin that puts dazzling fireworks into a div\r\n\r\n# Usage\r\n$(\'#divElement\').fireworks();\r\n\r\nThere are optional parameters as well:\r\n$(\'#divElement\').fireworks({\r\n    sound: true,\r\n    opacity: 0.4,\r\n    width: \'400\',\r\n    height: \'300\'\r\n});\r\n',
20 silly publish   readmeFilename: 'README.md',
20 silly publish   gitHead: '81c9b52ef0d1727082b9472ac5c85eb95263c161',
20 silly publish   _id: 'jquery-fireworks@1.0.2',
20 silly publish   _shasum: '379986ad5ec9f90f7ddc9619031e2cc35387ab5a',
20 silly publish   _from: '.' }
21 verbose getPublishConfig undefined
22 silly mapToRegistry name jquery-fireworks
23 silly mapToRegistry using default registry
24 silly mapToRegistry registry https://registry.npmjs.org/
25 silly mapToRegistry data Result {
25 silly mapToRegistry   raw: 'jquery-fireworks',
25 silly mapToRegistry   scope: null,
25 silly mapToRegistry   name: 'jquery-fireworks',
25 silly mapToRegistry   rawSpec: '',
25 silly mapToRegistry   spec: 'latest',
25 silly mapToRegistry   type: 'tag' }
26 silly mapToRegistry uri https://registry.npmjs.org/jquery-fireworks
27 verbose publish registryBase https://registry.npmjs.org/
28 silly publish uploading C:\Users\matthew\AppData\Roaming\npm-cache\jquery-fireworks\1.0.2\package.tgz
29 verbose request uri https://registry.npmjs.org/jquery-fireworks
30 verbose request sending authorization for write operation
31 info attempt registry request try #1 at 8:33:24 PM
32 verbose request using bearer token for auth
33 verbose request id 49076f0323ce2f38
34 http request PUT https://registry.npmjs.org/jquery-fireworks
35 http 403 https://registry.npmjs.org/jquery-fireworks
36 verbose headers { 'content-type': 'application/json',
36 verbose headers   'cache-control': 'max-age=300',
36 verbose headers   'content-length': '95',
36 verbose headers   'accept-ranges': 'bytes',
36 verbose headers   date: 'Thu, 24 Nov 2016 01:33:46 GMT',
36 verbose headers   via: '1.1 varnish',
36 verbose headers   connection: 'keep-alive',
36 verbose headers   'x-served-by': 'cache-atl6239-ATL',
36 verbose headers   'x-cache': 'MISS',
36 verbose headers   'x-cache-hits': '0',
36 verbose headers   'x-timer': 'S1479951225.478140,VS0,VE1258',
36 verbose headers   vary: 'Accept-Encoding' }
37 verbose request invalidating C:\Users\matthew\AppData\Roaming\npm-cache\registry.npmjs.org\jquery-fireworks on PUT
38 error publish Failed PUT 403
39 verbose stack Error: "You cannot publish over the previously published version 1.0.2." : jquery-fireworks
39 verbose stack     at makeError (C:\Program Files (x86)\nodejs\node_modules\npm\node_modules\npm-registry-client\lib\request.js:264:12)
39 verbose stack     at CachingRegistryClient.<anonymous> (C:\Program Files (x86)\nodejs\node_modules\npm\node_modules\npm-registry-client\lib\request.js:252:14)
39 verbose stack     at Request._callback (C:\Program Files (x86)\nodejs\node_modules\npm\node_modules\npm-registry-client\lib\request.js:172:14)
39 verbose stack     at Request.self.callback (C:\Program Files (x86)\nodejs\node_modules\npm\node_modules\request\request.js:200:22)
39 verbose stack     at emitTwo (events.js:87:13)
39 verbose stack     at Request.emit (events.js:172:7)
39 verbose stack     at Request.<anonymous> (C:\Program Files (x86)\nodejs\node_modules\npm\node_modules\request\request.js:1067:10)
39 verbose stack     at emitOne (events.js:82:20)
39 verbose stack     at Request.emit (events.js:169:7)
39 verbose stack     at IncomingMessage.<anonymous> (C:\Program Files (x86)\nodejs\node_modules\npm\node_modules\request\request.js:988:12)
40 verbose statusCode 403
41 verbose pkgid jquery-fireworks
42 verbose cwd C:\Users\matthew\src\jquery-fireworks
43 error Windows_NT 10.0.14393
44 error argv "C:\\Program Files (x86)\\nodejs\\node.exe" "C:\\Program Files (x86)\\nodejs\\node_modules\\npm\\bin\\npm-cli.js" "publish"
45 error node v4.5.0
46 error npm  v2.15.9
47 error code E403
48 error "You cannot publish over the previously published version 1.0.2." : jquery-fireworks
49 error If you need help, you may report this error at:
49 error     <https://github.com/npm/npm/issues>
50 verbose exit [ 1, true ]
